Connecting to database specified by database.yml
Connecting to database specified by database.yml
Connecting to database specified by database.yml


Started GET "/games" for 70.70.130.150 at 2013-03-24 15:19:25 -0700

ActionController::RoutingError (No route matches [GET] "/games"):
  actionpack (3.2.13) lib/action_dispatch/middleware/debug_exceptions.rb:21:in `call'
  actionpack (3.2.13) lib/action_dispatch/middleware/show_exceptions.rb:56:in `call'
  railties (3.2.13) lib/rails/rack/logger.rb:32:in `call_app'
  railties (3.2.13) lib/rails/rack/logger.rb:16:in `block in call'
  activesupport (3.2.13) lib/active_support/tagged_logging.rb:22:in `tagged'
  railties (3.2.13) lib/rails/rack/logger.rb:16:in `call'
  actionpack (3.2.13) lib/action_dispatch/middleware/request_id.rb:22:in `call'
  rack (1.4.5) lib/rack/methodoverride.rb:21:in `call'
  rack (1.4.5) lib/rack/runtime.rb:17:in `call'
  activesupport (3.2.13) lib/active_support/cache/strategy/local_cache.rb:72:in `call'
  rack (1.4.5) lib/rack/lock.rb:15:in `call'
  actionpack (3.2.13) lib/action_dispatch/middleware/static.rb:63:in `call'
  railties (3.2.13) lib/rails/engine.rb:479:in `call'
  railties (3.2.13) lib/rails/application.rb:223:in `call'
  rack (1.4.5) lib/rack/content_length.rb:14:in `call'
  railties (3.2.13) lib/rails/rack/log_tailer.rb:17:in `call'
  rack (1.4.5) lib/rack/handler/webrick.rb:59:in `service'
  /usr/local/lib/ruby/1.9.1/webrick/httpserver.rb:138:in `service'
  /usr/local/lib/ruby/1.9.1/webrick/httpserver.rb:94:in `run'
  /usr/local/lib/ruby/1.9.1/webrick/server.rb:191:in `block in start_thread'


  Rendered /usr/local/lib/ruby/gems/1.9.1/gems/actionpack-3.2.13/lib/action_dispatch/middleware/templates/rescues/routing_error.erb within rescues/layout (1.1ms)
Connecting to database specified by database.yml
Connecting to database specified by database.yml
  [1m[36m (0.5ms)[0m  [1mSELECT "schema_migrations"."version" FROM "schema_migrations" [0m
Migrating to CreateGames (20130324222001)
  [1m[35m (0.3ms)[0m  BEGIN
  [1m[36m (2.8ms)[0m  [1mCREATE TABLE "games" ("id" serial primary key, "name" character varying(255), "created_at" timestamp NOT NULL, "updated_at" timestamp NOT NULL) [0m
PG::Error: ERROR:  relation "games" already exists
: CREATE TABLE "games" ("id" serial primary key, "name" character varying(255), "created_at" timestamp NOT NULL, "updated_at" timestamp NOT NULL) 
  [1m[35m (0.2ms)[0m  ROLLBACK


Started GET "/games" for 70.70.130.150 at 2013-03-24 15:20:43 -0700
Processing by GamesController#index as HTML
  [1m[36mGame Load (0.5ms)[0m  [1mSELECT "games".* FROM "games" [0m
  Rendered games/index.html.erb within layouts/application (1.9ms)
Compiled games.css  (15ms)  (pid 20472)
Compiled scaffolds.css  (5ms)  (pid 20472)
Compiled application.css  (27ms)  (pid 20472)
Compiled jquery.js  (1ms)  (pid 20472)
Compiled jquery_ujs.js  (0ms)  (pid 20472)
Compiled games.js  (76ms)  (pid 20472)
Compiled application.js  (120ms)  (pid 20472)
Completed 200 OK in 202ms (Views: 169.9ms | ActiveRecord: 6.3ms)


Started GET "/assets/games.css?body=1" for 70.70.130.150 at 2013-03-24 15:20:44 -0700
Served asset /games.css - 304 Not Modified (2ms)


Started GET "/assets/scaffolds.css?body=1" for 70.70.130.150 at 2013-03-24 15:20:44 -0700
Served asset /scaffolds.css - 304 Not Modified (1ms)


Started GET "/assets/jquery.js?body=1" for 70.70.130.150 at 2013-03-24 15:20:44 -0700
Served asset /jquery.js - 304 Not Modified (3ms)


Started GET "/assets/jquery_ujs.js?body=1" for 70.70.130.150 at 2013-03-24 15:20:44 -0700
Served asset /jquery_ujs.js - 304 Not Modified (2ms)


Started GET "/assets/games.js?body=1" for 70.70.130.150 at 2013-03-24 15:20:44 -0700
Served asset /games.js - 304 Not Modified (1ms)


Started GET "/assets/application.js?body=1" for 70.70.130.150 at 2013-03-24 15:20:44 -0700
Served asset /application.js - 304 Not Modified (6ms)


Started GET "/assets/application.css?body=1" for 70.70.130.150 at 2013-03-24 15:20:44 -0700
Served asset /application.css - 304 Not Modified (3ms)
Connecting to database specified by database.yml
Connecting to database specified by database.yml


Started GET "/games" for 70.70.130.150 at 2013-03-24 15:23:30 -0700
Processing by GamesController#index as HTML
  [1m[35mGame Load (0.4ms)[0m  SELECT "games".* FROM "games" 
  Rendered games/index.html.erb within layouts/application (2.4ms)
Completed 200 OK in 27ms (Views: 17.3ms | ActiveRecord: 2.9ms)


Started GET "/assets/application.css?body=1" for 70.70.130.150 at 2013-03-24 15:23:30 -0700
Served asset /application.css - 304 Not Modified (0ms)


Started GET "/assets/games.css?body=1" for 70.70.130.150 at 2013-03-24 15:23:30 -0700
Served asset /games.css - 304 Not Modified (0ms)


Started GET "/assets/scaffolds.css?body=1" for 70.70.130.150 at 2013-03-24 15:23:30 -0700
Served asset /scaffolds.css - 304 Not Modified (0ms)


Started GET "/assets/jquery.js?body=1" for 70.70.130.150 at 2013-03-24 15:23:30 -0700
Served asset /jquery.js - 304 Not Modified (1ms)


Started GET "/assets/jquery_ujs.js?body=1" for 70.70.130.150 at 2013-03-24 15:23:30 -0700
Served asset /jquery_ujs.js - 304 Not Modified (0ms)


Started GET "/assets/games.js?body=1" for 70.70.130.150 at 2013-03-24 15:23:30 -0700
Served asset /games.js - 304 Not Modified (0ms)


Started GET "/assets/application.js?body=1" for 70.70.130.150 at 2013-03-24 15:23:30 -0700
Served asset /application.js - 304 Not Modified (1ms)


Started GET "/users" for 70.70.130.150 at 2013-03-24 15:23:33 -0700

ActionController::RoutingError (No route matches [GET] "/users"):
  actionpack (3.2.13) lib/action_dispatch/middleware/debug_exceptions.rb:21:in `call'
  actionpack (3.2.13) lib/action_dispatch/middleware/show_exceptions.rb:56:in `call'
  railties (3.2.13) lib/rails/rack/logger.rb:32:in `call_app'
  railties (3.2.13) lib/rails/rack/logger.rb:16:in `block in call'
  activesupport (3.2.13) lib/active_support/tagged_logging.rb:22:in `tagged'
  railties (3.2.13) lib/rails/rack/logger.rb:16:in `call'
  actionpack (3.2.13) lib/action_dispatch/middleware/request_id.rb:22:in `call'
  rack (1.4.5) lib/rack/methodoverride.rb:21:in `call'
  rack (1.4.5) lib/rack/runtime.rb:17:in `call'
  activesupport (3.2.13) lib/active_support/cache/strategy/local_cache.rb:72:in `call'
  rack (1.4.5) lib/rack/lock.rb:15:in `call'
  actionpack (3.2.13) lib/action_dispatch/middleware/static.rb:63:in `call'
  railties (3.2.13) lib/rails/engine.rb:479:in `call'
  railties (3.2.13) lib/rails/application.rb:223:in `call'
  rack (1.4.5) lib/rack/content_length.rb:14:in `call'
  railties (3.2.13) lib/rails/rack/log_tailer.rb:17:in `call'
  rack (1.4.5) lib/rack/handler/webrick.rb:59:in `service'
  /usr/local/lib/ruby/1.9.1/webrick/httpserver.rb:138:in `service'
  /usr/local/lib/ruby/1.9.1/webrick/httpserver.rb:94:in `run'
  /usr/local/lib/ruby/1.9.1/webrick/server.rb:191:in `block in start_thread'


  Rendered /usr/local/lib/ruby/gems/1.9.1/gems/actionpack-3.2.13/lib/action_dispatch/middleware/templates/rescues/routing_error.erb within rescues/layout (0.8ms)
Connecting to database specified by database.yml


Started GET "/users/sign_up" for 70.70.130.150 at 2013-03-24 15:24:27 -0700
Processing by Devise::RegistrationsController#new as HTML
  Rendered /home/c8061/2013/aclark/.gems/gems/devise-2.2.3/app/views/devise/registrations/new.html.erb within layouts/application (19.9ms)
Completed 500 Internal Server Error in 33ms

ActionView::Template::Error (undefined method `registration_path' for #<#<Class:0x007f856011c398>:0x007f85600cdab8>):
    1: <h2>Sign up</h2>
    2: 
    3: <%= form_for(resource, :as => resource_name, :url => registration_path(resource_name)) do |f| %>
    4:   <%= devise_error_messages! %>
    5: 
    6:   <div><%= f.label :email %><br />
  devise (2.2.3) app/views/devise/registrations/new.html.erb:3:in `__home_c__________aclark__gems_gems_devise_______app_views_devise_registrations_new_html_erb__2698178568085090029_70105409224320'
  actionpack (3.2.13) lib/action_view/template.rb:145:in `block in render'
  activesupport (3.2.13) lib/active_support/notifications.rb:125:in `instrument'
  actionpack (3.2.13) lib/action_view/template.rb:143:in `render'
  actionpack (3.2.13) lib/action_view/renderer/template_renderer.rb:47:in `block (2 levels) in render_template'
  actionpack (3.2.13) lib/action_view/renderer/abstract_renderer.rb:38:in `block in instrument'
  activesupport (3.2.13) lib/active_support/notifications.rb:123:in `block in instrument'
  activesupport (3.2.13) lib/active_support/notifications/instrumenter.rb:20:in `instrument'
  activesupport (3.2.13) lib/active_support/notifications.rb:123:in `instrument'
  actionpack (3.2.13) lib/action_view/renderer/abstract_renderer.rb:38:in `instrument'
  actionpack (3.2.13) lib/action_view/renderer/template_renderer.rb:46:in `block in render_template'
  actionpack (3.2.13) lib/action_view/renderer/template_renderer.rb:54:in `render_with_layout'
  actionpack (3.2.13) lib/action_view/renderer/template_renderer.rb:45:in `render_template'
  actionpack (3.2.13) lib/action_view/renderer/template_renderer.rb:18:in `render'
  actionpack (3.2.13) lib/action_view/renderer/renderer.rb:36:in `render_template'
  actionpack (3.2.13) lib/action_view/renderer/renderer.rb:17:in `render'
  actionpack (3.2.13) lib/abstract_controller/rendering.rb:110:in `_render_template'
  actionpack (3.2.13) lib/action_controller/metal/streaming.rb:225:in `_render_template'
  actionpack (3.2.13) lib/abstract_controller/rendering.rb:103:in `render_to_body'
  actionpack (3.2.13) lib/action_controller/metal/renderers.rb:28:in `render_to_body'
  actionpack (3.2.13) lib/action_controller/metal/compatibility.rb:50:in `render_to_body'
  actionpack (3.2.13) lib/abstract_controller/rendering.rb:88:in `render'
  actionpack (3.2.13) lib/action_controller/metal/rendering.rb:16:in `render'
  actionpack (3.2.13) lib/action_controller/metal/instrumentation.rb:40:in `block (2 levels) in render'
  activesupport (3.2.13) lib/active_support/core_ext/benchmark.rb:5:in `block in ms'
  /usr/local/lib/ruby/1.9.1/benchmark.rb:295:in `realtime'
  activesupport (3.2.13) lib/active_support/core_ext/benchmark.rb:5:in `ms'
  actionpack (3.2.13) lib/action_controller/metal/instrumentation.rb:40:in `block in render'
  actionpack (3.2.13) lib/action_controller/metal/instrumentation.rb:83:in `cleanup_view_runtime'
  activerecord (3.2.13) lib/active_record/railties/controller_runtime.rb:24:in `cleanup_view_runtime'
  actionpack (3.2.13) lib/action_controller/metal/instrumentation.rb:39:in `render'
  actionpack (3.2.13) lib/action_controller/metal/implicit_render.rb:10:in `default_render'
  actionpack (3.2.13) lib/action_controller/metal/responder.rb:232:in `default_render'
  actionpack (3.2.13) lib/action_controller/metal/responder.rb:160:in `to_html'
  actionpack (3.2.13) lib/action_controller/metal/responder.rb:153:in `respond'
  actionpack (3.2.13) lib/action_controller/metal/responder.rb:146:in `call'
  actionpack (3.2.13) lib/action_controller/metal/mime_responds.rb:239:in `respond_with'
  devise (2.2.3) app/controllers/devise/registrations_controller.rb:8:in `new'
  actionpack (3.2.13) lib/action_controller/metal/implicit_render.rb:4:in `send_action'
  actionpack (3.2.13) lib/abstract_controller/base.rb:167:in `process_action'
  actionpack (3.2.13) lib/action_controller/metal/rendering.rb:10:in `process_action'
  actionpack (3.2.13) lib/abstract_controller/callbacks.rb:18:in `block in process_action'
  activesupport (3.2.13) lib/active_support/callbacks.rb:436:in `_run__2187865655736871736__process_action__2650959650666463010__callbacks'
  activesupport (3.2.13) lib/active_support/callbacks.rb:405:in `__run_callback'
  activesupport (3.2.13) lib/active_support/callbacks.rb:385:in `_run_process_action_callbacks'
  activesupport (3.2.13) lib/active_support/callbacks.rb:81:in `run_callbacks'
  actionpack (3.2.13) lib/abstract_controller/callbacks.rb:17:in `process_action'
  actionpack (3.2.13) lib/action_controller/metal/rescue.rb:29:in `process_action'
  actionpack (3.2.13) lib/action_controller/metal/instrumentation.rb:30:in `block in process_action'
  activesupport (3.2.13) lib/active_support/notifications.rb:123:in `block in instrument'
  activesupport (3.2.13) lib/active_support/notifications/instrumenter.rb:20:in `instrument'
  activesupport (3.2.13) lib/active_support/notifications.rb:123:in `instrument'
  actionpack (3.2.13) lib/action_controller/metal/instrumentation.rb:29:in `process_action'
  actionpack (3.2.13) lib/action_controller/metal/params_wrapper.rb:207:in `process_action'
  activerecord (3.2.13) lib/active_record/railties/controller_runtime.rb:18:in `process_action'
  actionpack (3.2.13) lib/abstract_controller/base.rb:121:in `process'
  actionpack (3.2.13) lib/abstract_controller/rendering.rb:45:in `process'
  actionpack (3.2.13) lib/action_controller/metal.rb:203:in `dispatch'
  actionpack (3.2.13) lib/action_controller/metal/rack_delegation.rb:14:in `dispatch'
  actionpack (3.2.13) lib/action_controller/metal.rb:246:in `block in action'
  actionpack (3.2.13) lib/action_dispatch/routing/route_set.rb:73:in `call'
  actionpack (3.2.13) lib/action_dispatch/routing/route_set.rb:73:in `dispatch'
  actionpack (3.2.13) lib/action_dispatch/routing/route_set.rb:36:in `call'
  actionpack (3.2.13) lib/action_dispatch/routing/mapper.rb:42:in `call'
  journey (1.0.4) lib/journey/router.rb:68:in `block in call'
  journey (1.0.4) lib/journey/router.rb:56:in `each'
  journey (1.0.4) lib/journey/router.rb:56:in `call'
  actionpack (3.2.13) lib/action_dispatch/routing/route_set.rb:612:in `call'
  warden (1.2.1) lib/warden/manager.rb:35:in `block in call'
  warden (1.2.1) lib/warden/manager.rb:34:in `catch'
  warden (1.2.1) lib/warden/manager.rb:34:in `call'
  actionpack (3.2.13) lib/action_dispatch/middleware/best_standards_support.rb:17:in `call'
  rack (1.4.5) lib/rack/etag.rb:23:in `call'
  rack (1.4.5) lib/rack/conditionalget.rb:25:in `call'
  actionpack (3.2.13) lib/action_dispatch/middleware/head.rb:14:in `call'
  actionpack (3.2.13) lib/action_dispatch/middleware/params_parser.rb:21:in `call'
  actionpack (3.2.13) lib/action_dispatch/middleware/flash.rb:242:in `call'
  rack (1.4.5) lib/rack/session/abstract/id.rb:210:in `context'
  rack (1.4.5) lib/rack/session/abstract/id.rb:205:in `call'
  actionpack (3.2.13) lib/action_dispatch/middleware/cookies.rb:341:in `call'
  activerecord (3.2.13) lib/active_record/query_cache.rb:64:in `call'
  activerecord (3.2.13) lib/active_record/connection_adapters/abstract/connection_pool.rb:479:in `call'
  actionpack (3.2.13) lib/action_dispatch/middleware/callbacks.rb:28:in `block in call'
  activesupport (3.2.13) lib/active_support/callbacks.rb:405:in `_run__617427086819792046__call__787500839411104255__callbacks'
  activesupport (3.2.13) lib/active_support/callbacks.rb:405:in `__run_callback'
  activesupport (3.2.13) lib/active_support/callbacks.rb:385:in `_run_call_callbacks'
  activesupport (3.2.13) lib/active_support/callbacks.rb:81:in `run_callbacks'
  actionpack (3.2.13) lib/action_dispatch/middleware/callbacks.rb:27:in `call'
  actionpack (3.2.13) lib/action_dispatch/middleware/reloader.rb:65:in `call'
  actionpack (3.2.13) lib/action_dispatch/middleware/remote_ip.rb:31:in `call'
  actionpack (3.2.13) lib/action_dispatch/middleware/debug_exceptions.rb:16:in `call'
  actionpack (3.2.13) lib/action_dispatch/middleware/show_exceptions.rb:56:in `call'
  railties (3.2.13) lib/rails/rack/logger.rb:32:in `call_app'
  railties (3.2.13) lib/rails/rack/logger.rb:16:in `block in call'
  activesupport (3.2.13) lib/active_support/tagged_logging.rb:22:in `tagged'
  railties (3.2.13) lib/rails/rack/logger.rb:16:in `call'
  actionpack (3.2.13) lib/action_dispatch/middleware/request_id.rb:22:in `call'
  rack (1.4.5) lib/rack/methodoverride.rb:21:in `call'
  rack (1.4.5) lib/rack/runtime.rb:17:in `call'
  activesupport (3.2.13) lib/active_support/cache/strategy/local_cache.rb:72:in `call'
  rack (1.4.5) lib/rack/lock.rb:15:in `call'
  actionpack (3.2.13) lib/action_dispatch/middleware/static.rb:63:in `call'
  railties (3.2.13) lib/rails/engine.rb:479:in `call'
  railties (3.2.13) lib/rails/application.rb:223:in `call'
  rack (1.4.5) lib/rack/content_length.rb:14:in `call'
  railties (3.2.13) lib/rails/rack/log_tailer.rb:17:in `call'
  rack (1.4.5) lib/rack/handler/webrick.rb:59:in `service'
  /usr/local/lib/ruby/1.9.1/webrick/httpserver.rb:138:in `service'
  /usr/local/lib/ruby/1.9.1/webrick/httpserver.rb:94:in `run'
  /usr/local/lib/ruby/1.9.1/webrick/server.rb:191:in `block in start_thread'


  Rendered /usr/local/lib/ruby/gems/1.9.1/gems/actionpack-3.2.13/lib/action_dispatch/middleware/templates/rescues/_trace.erb (0.7ms)
  Rendered /usr/local/lib/ruby/gems/1.9.1/gems/actionpack-3.2.13/lib/action_dispatch/middleware/templates/rescues/_request_and_response.erb (0.5ms)
  Rendered /usr/local/lib/ruby/gems/1.9.1/gems/actionpack-3.2.13/lib/action_dispatch/middleware/templates/rescues/template_error.erb within rescues/layout (4.0ms)
Connecting to database specified by database.yml


Started GET "/users/sign_up" for 70.70.130.150 at 2013-03-24 15:29:43 -0700
Processing by Devise::RegistrationsController#new as HTML
  Rendered /home/c8061/2013/aclark/.gems/gems/devise-2.2.3/app/views/devise/registrations/new.html.erb within layouts/application (6.9ms)
Completed 500 Internal Server Error in 10ms

ActionView::Template::Error (undefined method `registration_path' for #<#<Class:0x007f856011c398>:0x007f85605a0220>):
    1: <h2>Sign up</h2>
    2: 
    3: <%= form_for(resource, :as => resource_name, :url => registration_path(resource_name)) do |f| %>
    4:   <%= devise_error_messages! %>
    5: 
    6:   <div><%= f.label :email %><br />
  devise (2.2.3) app/views/devise/registrations/new.html.erb:3:in `__home_c__________aclark__gems_gems_devise_______app_views_devise_registrations_new_html_erb__2698178568085090029_70105409224320'
  actionpack (3.2.13) lib/action_view/template.rb:145:in `block in render'
  activesupport (3.2.13) lib/active_support/notifications.rb:125:in `instrument'
  actionpack (3.2.13) lib/action_view/template.rb:143:in `render'
  actionpack (3.2.13) lib/action_view/renderer/template_renderer.rb:47:in `block (2 levels) in render_template'
  actionpack (3.2.13) lib/action_view/renderer/abstract_renderer.rb:38:in `block in instrument'
  activesupport (3.2.13) lib/active_support/notifications.rb:123:in `block in instrument'
  activesupport (3.2.13) lib/active_support/notifications/instrumenter.rb:20:in `instrument'
  activesupport (3.2.13) lib/active_support/notifications.rb:123:in `instrument'
  actionpack (3.2.13) lib/action_view/renderer/abstract_renderer.rb:38:in `instrument'
  actionpack (3.2.13) lib/action_view/renderer/template_renderer.rb:46:in `block in render_template'
  actionpack (3.2.13) lib/action_view/renderer/template_renderer.rb:54:in `render_with_layout'
  actionpack (3.2.13) lib/action_view/renderer/template_renderer.rb:45:in `render_template'
  actionpack (3.2.13) lib/action_view/renderer/template_renderer.rb:18:in `render'
  actionpack (3.2.13) lib/action_view/renderer/renderer.rb:36:in `render_template'
  actionpack (3.2.13) lib/action_view/renderer/renderer.rb:17:in `render'
  actionpack (3.2.13) lib/abstract_controller/rendering.rb:110:in `_render_template'
  actionpack (3.2.13) lib/action_controller/metal/streaming.rb:225:in `_render_template'
  actionpack (3.2.13) lib/abstract_controller/rendering.rb:103:in `render_to_body'
  actionpack (3.2.13) lib/action_controller/metal/renderers.rb:28:in `render_to_body'
  actionpack (3.2.13) lib/action_controller/metal/compatibility.rb:50:in `render_to_body'
  actionpack (3.2.13) lib/abstract_controller/rendering.rb:88:in `render'
  actionpack (3.2.13) lib/action_controller/metal/rendering.rb:16:in `render'
  actionpack (3.2.13) lib/action_controller/metal/instrumentation.rb:40:in `block (2 levels) in render'
  activesupport (3.2.13) lib/active_support/core_ext/benchmark.rb:5:in `block in ms'
  /usr/local/lib/ruby/1.9.1/benchmark.rb:295:in `realtime'
  activesupport (3.2.13) lib/active_support/core_ext/benchmark.rb:5:in `ms'
  actionpack (3.2.13) lib/action_controller/metal/instrumentation.rb:40:in `block in render'
  actionpack (3.2.13) lib/action_controller/metal/instrumentation.rb:83:in `cleanup_view_runtime'
  activerecord (3.2.13) lib/active_record/railties/controller_runtime.rb:24:in `cleanup_view_runtime'
  actionpack (3.2.13) lib/action_controller/metal/instrumentation.rb:39:in `render'
  actionpack (3.2.13) lib/action_controller/metal/implicit_render.rb:10:in `default_render'
  actionpack (3.2.13) lib/action_controller/metal/responder.rb:232:in `default_render'
  actionpack (3.2.13) lib/action_controller/metal/responder.rb:160:in `to_html'
  actionpack (3.2.13) lib/action_controller/metal/responder.rb:153:in `respond'
  actionpack (3.2.13) lib/action_controller/metal/responder.rb:146:in `call'
  actionpack (3.2.13) lib/action_controller/metal/mime_responds.rb:239:in `respond_with'
  devise (2.2.3) app/controllers/devise/registrations_controller.rb:8:in `new'
  actionpack (3.2.13) lib/action_controller/metal/implicit_render.rb:4:in `send_action'
  actionpack (3.2.13) lib/abstract_controller/base.rb:167:in `process_action'
  actionpack (3.2.13) lib/action_controller/metal/rendering.rb:10:in `process_action'
  actionpack (3.2.13) lib/abstract_controller/callbacks.rb:18:in `block in process_action'
  activesupport (3.2.13) lib/active_support/callbacks.rb:436:in `_run__2187865655736871736__process_action__2650959650666463010__callbacks'
  activesupport (3.2.13) lib/active_support/callbacks.rb:405:in `__run_callback'
  activesupport (3.2.13) lib/active_support/callbacks.rb:385:in `_run_process_action_callbacks'
  activesupport (3.2.13) lib/active_support/callbacks.rb:81:in `run_callbacks'
  actionpack (3.2.13) lib/abstract_controller/callbacks.rb:17:in `process_action'
  actionpack (3.2.13) lib/action_controller/metal/rescue.rb:29:in `process_action'
  actionpack (3.2.13) lib/action_controller/metal/instrumentation.rb:30:in `block in process_action'
  activesupport (3.2.13) lib/active_support/notifications.rb:123:in `block in instrument'
  activesupport (3.2.13) lib/active_support/notifications/instrumenter.rb:20:in `instrument'
  activesupport (3.2.13) lib/active_support/notifications.rb:123:in `instrument'
  actionpack (3.2.13) lib/action_controller/metal/instrumentation.rb:29:in `process_action'
  actionpack (3.2.13) lib/action_controller/metal/params_wrapper.rb:207:in `process_action'
  activerecord (3.2.13) lib/active_record/railties/controller_runtime.rb:18:in `process_action'
  actionpack (3.2.13) lib/abstract_controller/base.rb:121:in `process'
  actionpack (3.2.13) lib/abstract_controller/rendering.rb:45:in `process'
  actionpack (3.2.13) lib/action_controller/metal.rb:203:in `dispatch'
  actionpack (3.2.13) lib/action_controller/metal/rack_delegation.rb:14:in `dispatch'
  actionpack (3.2.13) lib/action_controller/metal.rb:246:in `block in action'
  actionpack (3.2.13) lib/action_dispatch/routing/route_set.rb:73:in `call'
  actionpack (3.2.13) lib/action_dispatch/routing/route_set.rb:73:in `dispatch'
  actionpack (3.2.13) lib/action_dispatch/routing/route_set.rb:36:in `call'
  actionpack (3.2.13) lib/action_dispatch/routing/mapper.rb:42:in `call'
  journey (1.0.4) lib/journey/router.rb:68:in `block in call'
  journey (1.0.4) lib/journey/router.rb:56:in `each'
  journey (1.0.4) lib/journey/router.rb:56:in `call'
  actionpack (3.2.13) lib/action_dispatch/routing/route_set.rb:612:in `call'
  warden (1.2.1) lib/warden/manager.rb:35:in `block in call'
  warden (1.2.1) lib/warden/manager.rb:34:in `catch'
  warden (1.2.1) lib/warden/manager.rb:34:in `call'
  actionpack (3.2.13) lib/action_dispatch/middleware/best_standards_support.rb:17:in `call'
  rack (1.4.5) lib/rack/etag.rb:23:in `call'
  rack (1.4.5) lib/rack/conditionalget.rb:25:in `call'
  actionpack (3.2.13) lib/action_dispatch/middleware/head.rb:14:in `call'
  actionpack (3.2.13) lib/action_dispatch/middleware/params_parser.rb:21:in `call'
  actionpack (3.2.13) lib/action_dispatch/middleware/flash.rb:242:in `call'
  rack (1.4.5) lib/rack/session/abstract/id.rb:210:in `context'
  rack (1.4.5) lib/rack/session/abstract/id.rb:205:in `call'
  actionpack (3.2.13) lib/action_dispatch/middleware/cookies.rb:341:in `call'
  activerecord (3.2.13) lib/active_record/query_cache.rb:64:in `call'
  activerecord (3.2.13) lib/active_record/connection_adapters/abstract/connection_pool.rb:479:in `call'
  actionpack (3.2.13) lib/action_dispatch/middleware/callbacks.rb:28:in `block in call'
  activesupport (3.2.13) lib/active_support/callbacks.rb:405:in `_run__617427086819792046__call__787500839411104255__callbacks'
  activesupport (3.2.13) lib/active_support/callbacks.rb:405:in `__run_callback'
  activesupport (3.2.13) lib/active_support/callbacks.rb:385:in `_run_call_callbacks'
  activesupport (3.2.13) lib/active_support/callbacks.rb:81:in `run_callbacks'
  actionpack (3.2.13) lib/action_dispatch/middleware/callbacks.rb:27:in `call'
  actionpack (3.2.13) lib/action_dispatch/middleware/reloader.rb:65:in `call'
  actionpack (3.2.13) lib/action_dispatch/middleware/remote_ip.rb:31:in `call'
  actionpack (3.2.13) lib/action_dispatch/middleware/debug_exceptions.rb:16:in `call'
  actionpack (3.2.13) lib/action_dispatch/middleware/show_exceptions.rb:56:in `call'
  railties (3.2.13) lib/rails/rack/logger.rb:32:in `call_app'
  railties (3.2.13) lib/rails/rack/logger.rb:16:in `block in call'
  activesupport (3.2.13) lib/active_support/tagged_logging.rb:22:in `tagged'
  railties (3.2.13) lib/rails/rack/logger.rb:16:in `call'
  actionpack (3.2.13) lib/action_dispatch/middleware/request_id.rb:22:in `call'
  rack (1.4.5) lib/rack/methodoverride.rb:21:in `call'
  rack (1.4.5) lib/rack/runtime.rb:17:in `call'
  activesupport (3.2.13) lib/active_support/cache/strategy/local_cache.rb:72:in `call'
  rack (1.4.5) lib/rack/lock.rb:15:in `call'
  actionpack (3.2.13) lib/action_dispatch/middleware/static.rb:63:in `call'
  railties (3.2.13) lib/rails/engine.rb:479:in `call'
  railties (3.2.13) lib/rails/application.rb:223:in `call'
  rack (1.4.5) lib/rack/content_length.rb:14:in `call'
  railties (3.2.13) lib/rails/rack/log_tailer.rb:17:in `call'
  rack (1.4.5) lib/rack/handler/webrick.rb:59:in `service'
  /usr/local/lib/ruby/1.9.1/webrick/httpserver.rb:138:in `service'
  /usr/local/lib/ruby/1.9.1/webrick/httpserver.rb:94:in `run'
  /usr/local/lib/ruby/1.9.1/webrick/server.rb:191:in `block in start_thread'


  Rendered /usr/local/lib/ruby/gems/1.9.1/gems/actionpack-3.2.13/lib/action_dispatch/middleware/templates/rescues/_trace.erb (0.7ms)
  Rendered /usr/local/lib/ruby/gems/1.9.1/gems/actionpack-3.2.13/lib/action_dispatch/middleware/templates/rescues/_request_and_response.erb (0.5ms)
  Rendered /usr/local/lib/ruby/gems/1.9.1/gems/actionpack-3.2.13/lib/action_dispatch/middleware/templates/rescues/template_error.erb within rescues/layout (4.1ms)
Connecting to database specified by database.yml


Started GET "/users/sign_up" for 70.70.130.150 at 2013-03-24 15:29:54 -0700
Processing by Devise::RegistrationsController#new as HTML
  Rendered devise/ruby/1.9.1/gems/devise-2.2.3/app/views/devise/shared/_links.erb (0.9ms)
  Rendered devise/ruby/1.9.1/gems/devise-2.2.3/app/views/devise/registrations/new.html.erb within layouts/application (19.8ms)
Compiled jquery.js  (1ms)  (pid 21774)
Compiled jquery_ujs.js  (0ms)  (pid 21774)
Compiled application.js  (22ms)  (pid 21774)
Completed 200 OK in 105ms (Views: 59.0ms | ActiveRecord: 19.2ms)


Started GET "/assets/application.css?body=1" for 70.70.130.150 at 2013-03-24 15:29:55 -0700
Served asset /application.css - 304 Not Modified (3ms)


Started GET "/assets/games.css?body=1" for 70.70.130.150 at 2013-03-24 15:29:55 -0700
Served asset /games.css - 304 Not Modified (1ms)


Started GET "/assets/scaffolds.css?body=1" for 70.70.130.150 at 2013-03-24 15:29:55 -0700
Served asset /scaffolds.css - 304 Not Modified (1ms)


Started GET "/assets/jquery.js?body=1" for 70.70.130.150 at 2013-03-24 15:29:55 -0700
Served asset /jquery.js - 304 Not Modified (3ms)


Started GET "/assets/jquery_ujs.js?body=1" for 70.70.130.150 at 2013-03-24 15:29:55 -0700
Served asset /jquery_ujs.js - 304 Not Modified (2ms)


Started GET "/assets/games.js?body=1" for 70.70.130.150 at 2013-03-24 15:29:55 -0700
Served asset /games.js - 304 Not Modified (1ms)


Started GET "/assets/application.js?body=1" for 70.70.130.150 at 2013-03-24 15:29:55 -0700
Served asset /application.js - 304 Not Modified (6ms)


Started GET "/users/sign_in" for 70.70.130.150 at 2013-03-24 15:29:59 -0700
Processing by Devise::SessionsController#new as HTML
  Rendered devise/ruby/1.9.1/gems/devise-2.2.3/app/views/devise/shared/_links.erb (0.6ms)
  Rendered devise/ruby/1.9.1/gems/devise-2.2.3/app/views/devise/sessions/new.html.erb within layouts/application (5.1ms)
Completed 200 OK in 30ms (Views: 29.2ms | ActiveRecord: 0.0ms)


Started GET "/assets/application.css?body=1" for 70.70.130.150 at 2013-03-24 15:29:59 -0700
Served asset /application.css - 304 Not Modified (0ms)


Started GET "/assets/games.css?body=1" for 70.70.130.150 at 2013-03-24 15:29:59 -0700
Served asset /games.css - 304 Not Modified (0ms)


Started GET "/assets/scaffolds.css?body=1" for 70.70.130.150 at 2013-03-24 15:29:59 -0700
Served asset /scaffolds.css - 304 Not Modified (0ms)


Started GET "/assets/jquery.js?body=1" for 70.70.130.150 at 2013-03-24 15:29:59 -0700
Served asset /jquery.js - 304 Not Modified (1ms)


Started GET "/assets/jquery_ujs.js?body=1" for 70.70.130.150 at 2013-03-24 15:29:59 -0700
Served asset /jquery_ujs.js - 304 Not Modified (0ms)


Started GET "/assets/games.js?body=1" for 70.70.130.150 at 2013-03-24 15:29:59 -0700
Served asset /games.js - 304 Not Modified (0ms)


Started GET "/assets/application.js?body=1" for 70.70.130.150 at 2013-03-24 15:29:59 -0700
Served asset /application.js - 304 Not Modified (1ms)


Started POST "/users/sign_in" for 70.70.130.150 at 2013-03-24 15:30:07 -0700
Processing by Devise::SessionsController#create as HTML
  Parameters: {"utf8"=>"✓", "authenticity_token"=>"TNmNSAa6gRh0MNS3rNtUxcxrJSPPpwWd5Ex6hK7X1SE=", "user"=>{"email"=>"aclarkd@gmail.com", "password"=>"[FILTERED]", "remember_me"=>"0"}, "commit"=>"Sign in"}
  [1m[36mUser Load (1.5ms)[0m  [1mSELECT "users".* FROM "users" WHERE "users"."email" = 'aclarkd@gmail.com' LIMIT 1[0m
  [1m[35m (0.3ms)[0m  BEGIN
  [1m[36m (0.6ms)[0m  [1mUPDATE "users" SET "last_sign_in_at" = '2013-03-24 22:25:49.730360', "current_sign_in_at" = '2013-03-24 22:30:07.920736', "sign_in_count" = 8, "updated_at" = '2013-03-24 22:30:07.922130' WHERE "users"."id" = 1[0m
  [1m[35m (9.1ms)[0m  COMMIT
Redirected to http://haskell.bcit.ca:8112/
Completed 302 Found in 102ms (ActiveRecord: 0.0ms)


Started GET "/" for 70.70.130.150 at 2013-03-24 15:30:08 -0700

ActionController::RoutingError (No route matches [GET] "/"):
  devise/ruby/1.9.1/gems/actionpack-3.2.13/lib/action_dispatch/middleware/debug_exceptions.rb:21:in `call'
  devise/ruby/1.9.1/gems/actionpack-3.2.13/lib/action_dispatch/middleware/show_exceptions.rb:56:in `call'
  devise/ruby/1.9.1/gems/railties-3.2.13/lib/rails/rack/logger.rb:32:in `call_app'
  devise/ruby/1.9.1/gems/railties-3.2.13/lib/rails/rack/logger.rb:16:in `block in call'
  devise/ruby/1.9.1/gems/activesupport-3.2.13/lib/active_support/tagged_logging.rb:22:in `tagged'
  devise/ruby/1.9.1/gems/railties-3.2.13/lib/rails/rack/logger.rb:16:in `call'
  devise/ruby/1.9.1/gems/actionpack-3.2.13/lib/action_dispatch/middleware/request_id.rb:22:in `call'
  devise/ruby/1.9.1/gems/rack-1.4.5/lib/rack/methodoverride.rb:21:in `call'
  devise/ruby/1.9.1/gems/rack-1.4.5/lib/rack/runtime.rb:17:in `call'
  devise/ruby/1.9.1/gems/activesupport-3.2.13/lib/active_support/cache/strategy/local_cache.rb:72:in `call'
  devise/ruby/1.9.1/gems/rack-1.4.5/lib/rack/lock.rb:15:in `call'
  devise/ruby/1.9.1/gems/actionpack-3.2.13/lib/action_dispatch/middleware/static.rb:63:in `call'
  devise/ruby/1.9.1/gems/railties-3.2.13/lib/rails/engine.rb:479:in `call'
  devise/ruby/1.9.1/gems/railties-3.2.13/lib/rails/application.rb:223:in `call'
  devise/ruby/1.9.1/gems/rack-1.4.5/lib/rack/content_length.rb:14:in `call'
  devise/ruby/1.9.1/gems/railties-3.2.13/lib/rails/rack/log_tailer.rb:17:in `call'
  devise/ruby/1.9.1/gems/rack-1.4.5/lib/rack/handler/webrick.rb:59:in `service'
  /usr/local/lib/ruby/1.9.1/webrick/httpserver.rb:138:in `service'
  /usr/local/lib/ruby/1.9.1/webrick/httpserver.rb:94:in `run'
  /usr/local/lib/ruby/1.9.1/webrick/server.rb:191:in `block in start_thread'


  Rendered devise/ruby/1.9.1/gems/actionpack-3.2.13/lib/action_dispatch/middleware/templates/rescues/routing_error.erb within rescues/layout (0.7ms)
Connecting to database specified by database.yml
Connecting to database specified by database.yml


Started GET "/games" for 70.70.130.150 at 2013-03-24 15:31:55 -0700
Processing by GamesController#index as HTML
  [1m[36mGame Load (0.5ms)[0m  [1mSELECT "games".* FROM "games" [0m
  Rendered games/index.html.erb within layouts/application (2.4ms)
Completed 200 OK in 80ms (Views: 35.8ms | ActiveRecord: 7.4ms)


Started GET "/assets/games.css?body=1" for 70.70.130.150 at 2013-03-24 15:31:56 -0700
Served asset /games.css - 304 Not Modified (1ms)


Started GET "/assets/scaffolds.css?body=1" for 70.70.130.150 at 2013-03-24 15:31:56 -0700
Served asset /scaffolds.css - 304 Not Modified (1ms)


Started GET "/assets/jquery.js?body=1" for 70.70.130.150 at 2013-03-24 15:31:56 -0700
Served asset /jquery.js - 304 Not Modified (3ms)


Started GET "/assets/jquery_ujs.js?body=1" for 70.70.130.150 at 2013-03-24 15:31:56 -0700
Served asset /jquery_ujs.js - 304 Not Modified (2ms)


Started GET "/assets/games.js?body=1" for 70.70.130.150 at 2013-03-24 15:31:56 -0700
Served asset /games.js - 304 Not Modified (1ms)


Started GET "/assets/application.js?body=1" for 70.70.130.150 at 2013-03-24 15:31:56 -0700
Served asset /application.js - 304 Not Modified (6ms)


Started GET "/assets/application.css?body=1" for 70.70.130.150 at 2013-03-24 15:31:56 -0700
Served asset /application.css - 304 Not Modified (3ms)


Started GET "/" for 70.70.130.150 at 2013-03-24 15:32:00 -0700
Processing by GamesController#index as HTML
  [1m[35mGame Load (0.5ms)[0m  SELECT "games".* FROM "games" 
  Rendered games/index.html.erb within layouts/application (1.4ms)
Completed 200 OK in 25ms (Views: 23.2ms | ActiveRecord: 0.5ms)
